2025-03-09 22:37:10 INFO  Main: Окончание скачек. Победитель: Cherry
2025-03-09 22:37:14 DEBUG Horse: Создание Horse, имя [Bucephalus], скорость [2.4]
2025-03-09 22:37:14 DEBUG Horse: Создание Horse, имя [Ace of Spades], скорость [2.5]
2025-03-09 22:37:14 DEBUG Horse: Создание Horse, имя [Zephyr], скорость [2.6]
2025-03-09 22:37:14 DEBUG Horse: Создание Horse, имя [Blaze], скорость [2.7]
2025-03-09 22:37:14 DEBUG Horse: Создание Horse, имя [Lobster], скорость [2.8]
2025-03-09 22:37:14 DEBUG Horse: Создание Horse, имя [Pegasus], скорость [2.9]
2025-03-09 22:37:14 DEBUG Horse: Создание Horse, имя [Cherry], скорость [3.0]
2025-03-09 22:37:14 DEBUG Hippodrome: Создание Hippodrome, лошадей [7]
2025-03-09 22:37:14 INFO  Main: Начало скачек. Количество участников: 7
2025-03-09 22:37:35 INFO  Main: Окончание скачек. Победитель: Pegasus
2025-03-09 22:37:38 DEBUG Horse: Создание Horse, имя [Bucephalus], скорость [2.4]
2025-03-09 22:37:38 DEBUG Horse: Создание Horse, имя [Ace of Spades], скорость [2.5]
2025-03-09 22:37:38 DEBUG Horse: Создание Horse, имя [Zephyr], скорость [2.6]
2025-03-09 22:37:38 DEBUG Horse: Создание Horse, имя [Blaze], скорость [2.7]
2025-03-09 22:37:38 DEBUG Horse: Создание Horse, имя [Lobster], скорость [2.8]
2025-03-09 22:37:38 DEBUG Horse: Создание Horse, имя [Pegasus], скорость [2.9]
2025-03-09 22:37:38 DEBUG Horse: Создание Horse, имя [Cherry], скорость [3.0]
2025-03-09 22:37:38 DEBUG Hippodrome: Создание Hippodrome, лошадей [7]
2025-03-09 22:37:38 INFO  Main: Начало скачек. Количество участников: 7
2025-03-09 22:37:59 INFO  Main: Окончание скачек. Победитель: Cherry
